<?xml version="1.0" encoding="UTF-8"?>
<coverage generated="1590666943394" clover="3.2.0">
  <project timestamp="1590666943395" name="All files">
    <metrics statements="57" coveredstatements="39" conditionals="8" coveredconditionals="0" methods="32" coveredmethods="17" elements="97" coveredelements="56" complexity="0" loc="57" ncloc="57" packages="1" files="6" classes="6"/>
    <file name="App.jsx" path="C:\Users\Макс\Desktop\React\Lesson15\task4\src\App.jsx">
      <metrics statements="2" coveredstatements="2" conditionals="0" coveredconditionals="0" methods="1" coveredmethods="1"/>
      <line num="4" count="1" type="stmt"/>
      <line num="6" count="1" type="stmt"/>
    </file>
    <file name="CreateTaskInput.jsx" path="C:\Users\Макс\Desktop\React\Lesson15\task4\src\CreateTaskInput.jsx">
      <metrics statements="8" coveredstatements="8" conditionals="0" coveredconditionals="0" methods="3" coveredmethods="3"/>
      <line num="5" count="2" type="stmt"/>
      <line num="9" count="2" type="stmt"/>
      <line num="10" count="2" type="stmt"/>
      <line num="15" count="2" type="stmt"/>
      <line num="16" count="2" type="stmt"/>
      <line num="17" count="2" type="stmt"/>
      <line num="22" count="6" type="stmt"/>
      <line num="42" count="3" type="stmt"/>
    </file>
    <file name="Task.jsx" path="C:\Users\Макс\Desktop\React\Lesson15\task4\src\Task.jsx">
      <metrics statements="6" coveredstatements="6" conditionals="0" coveredconditionals="0" methods="3" coveredmethods="3"/>
      <line num="5" count="4" type="stmt"/>
      <line num="7" count="4" type="stmt"/>
      <line num="8" count="4" type="stmt"/>
      <line num="14" count="1" type="stmt"/>
      <line num="17" count="1" type="stmt"/>
      <line num="22" count="4" type="stmt"/>
    </file>
    <file name="TasksList.jsx" path="C:\Users\Макс\Desktop\React\Lesson15\task4\src\TasksList.jsx">
      <metrics statements="6" coveredstatements="6" conditionals="0" coveredconditionals="0" methods="3" coveredmethods="3"/>
      <line num="5" count="3" type="stmt"/>
      <line num="7" count="1" type="stmt"/>
      <line num="9" count="2" type="stmt"/>
      <line num="10" count="1" type="stmt"/>
      <line num="14" count="3" type="stmt"/>
      <line num="25" count="3" type="stmt"/>
    </file>
    <file name="TodoList.jsx" path="C:\Users\Макс\Desktop\React\Lesson15\task4\src\TodoList.jsx">
      <metrics statements="17" coveredstatements="12" conditionals="0" coveredconditionals="0" methods="12" coveredmethods="7"/>
      <line num="8" count="2" type="stmt"/>
      <line num="9" count="2" type="stmt"/>
      <line num="15" count="2" type="stmt"/>
      <line num="18" count="2" type="stmt"/>
      <line num="19" count="3" type="stmt"/>
      <line num="20" count="3" type="stmt"/>
      <line num="26" count="2" type="stmt"/>
      <line num="27" count="0" type="stmt"/>
      <line num="32" count="0" type="stmt"/>
      <line num="35" count="2" type="stmt"/>
      <line num="36" count="0" type="stmt"/>
      <line num="37" count="0" type="stmt"/>
      <line num="42" count="0" type="stmt"/>
      <line num="45" count="2" type="stmt"/>
      <line num="46" count="1" type="stmt"/>
      <line num="47" count="1" type="stmt"/>
      <line num="51" count="5" type="stmt"/>
    </file>
    <file name="tasksGateway.js" path="C:\Users\Макс\Desktop\React\Lesson15\task4\src\tasksGateway.js">
      <metrics statements="18" coveredstatements="5" conditionals="8" coveredconditionals="0" methods="10" coveredmethods="0"/>
      <line num="1" count="1" type="stmt"/>
      <line num="4" count="1" type="stmt"/>
      <line num="5" count="0" type="stmt"/>
      <line num="12" count="0" type="cond" truecount="0" falsecount="2"/>
      <line num="13" count="0" type="stmt"/>
      <line num="18" count="1" type="stmt"/>
      <line num="19" count="0" type="stmt"/>
      <line num="21" count="0" type="cond" truecount="0" falsecount="2"/>
      <line num="22" count="0" type="stmt"/>
      <line num="26" count="0" type="stmt"/>
      <line num="33" count="1" type="stmt"/>
      <line num="34" count="0" type="stmt"/>
      <line num="41" count="0" type="cond" truecount="0" falsecount="2"/>
      <line num="42" count="0" type="stmt"/>
      <line num="47" count="1" type="stmt"/>
      <line num="48" count="0" type="stmt"/>
      <line num="51" count="0" type="cond" truecount="0" falsecount="2"/>
      <line num="52" count="0" type="stmt"/>
    </file>
  </project>
</coverage>
