{"C:\\Users\\Макс\\Desktop\\React\\Lesson15\\task4\\src\\App.jsx": {"path":"C:\\Users\\Макс\\Desktop\\React\\Lesson15\\task4\\src\\App.jsx","statementMap":{"0":{"start":{"line":4,"column":12},"end":{"line":10,"column":1}},"1":{"start":{"line":6,"column":2},"end":{"line":8,"column":4}}},"fnMap":{"0":{"name":"(anonymous_0)","decl":{"start":{"line":4,"column":12},"end":{"line":4,"column":13}},"loc":{"start":{"line":4,"column":18},"end":{"line":10,"column":1}},"line":4}},"branchMap":{},"s":{"0":1,"1":1},"f":{"0":1},"b":{},"_coverageSchema":"43e27e138ebf9cfc5966b082cf9a028302ed4184","hash":"960a1631e3358f261f3c600b893665993bd35320"}
,"C:\\Users\\Макс\\Desktop\\React\\Lesson15\\task4\\src\\CreateTaskInput.jsx": {"path":"C:\\Users\\Макс\\Desktop\\React\\Lesson15\\task4\\src\\CreateTaskInput.jsx","statementMap":{"0":{"start":{"line":5,"column":10},"end":{"line":7,"column":3}},"1":{"start":{"line":9,"column":17},"end":{"line":13,"column":3}},"2":{"start":{"line":10,"column":4},"end":{"line":12,"column":7}},"3":{"start":{"line":15,"column":21},"end":{"line":18,"column":3}},"4":{"start":{"line":16,"column":5},"end":{"line":16,"column":43}},"5":{"start":{"line":17,"column":5},"end":{"line":17,"column":34}},"6":{"start":{"line":22,"column":4},"end":{"line":37,"column":6}},"7":{"start":{"line":42,"column":1},"end":{"line":44,"column":2}}},"fnMap":{"0":{"name":"(anonymous_0)","decl":{"start":{"line":9,"column":17},"end":{"line":9,"column":18}},"loc":{"start":{"line":9,"column":26},"end":{"line":13,"column":3}},"line":9},"1":{"name":"(anonymous_1)","decl":{"start":{"line":15,"column":21},"end":{"line":15,"column":22}},"loc":{"start":{"line":15,"column":27},"end":{"line":18,"column":3}},"line":15},"2":{"name":"(anonymous_2)","decl":{"start":{"line":21,"column":2},"end":{"line":21,"column":3}},"loc":{"start":{"line":21,"column":11},"end":{"line":38,"column":3}},"line":21}},"branchMap":{},"s":{"0":2,"1":2,"2":2,"3":2,"4":2,"5":2,"6":6,"7":3},"f":{"0":2,"1":2,"2":6},"b":{},"_coverageSchema":"43e27e138ebf9cfc5966b082cf9a028302ed4184","hash":"69766812f88e58d9651e19e926def08d2da34edb"}
,"C:\\Users\\Макс\\Desktop\\React\\Lesson15\\task4\\src\\Task.jsx": {"path":"C:\\Users\\Макс\\Desktop\\React\\Lesson15\\task4\\src\\Task.jsx","statementMap":{"0":{"start":{"line":5,"column":13},"end":{"line":20,"column":1}},"1":{"start":{"line":7,"column":24},"end":{"line":7,"column":73}},"2":{"start":{"line":8,"column":2},"end":{"line":19,"column":4}},"3":{"start":{"line":14,"column":24},"end":{"line":14,"column":36}},"4":{"start":{"line":17,"column":63},"end":{"line":17,"column":75}},"5":{"start":{"line":22,"column":0},"end":{"line":28,"column":2}}},"fnMap":{"0":{"name":"(anonymous_0)","decl":{"start":{"line":5,"column":13},"end":{"line":5,"column":14}},"loc":{"start":{"line":5,"column":55},"end":{"line":20,"column":1}},"line":5},"1":{"name":"(anonymous_1)","decl":{"start":{"line":14,"column":18},"end":{"line":14,"column":19}},"loc":{"start":{"line":14,"column":24},"end":{"line":14,"column":36}},"line":14},"2":{"name":"(anonymous_2)","decl":{"start":{"line":17,"column":57},"end":{"line":17,"column":58}},"loc":{"start":{"line":17,"column":63},"end":{"line":17,"column":75}},"line":17}},"branchMap":{},"s":{"0":4,"1":4,"2":4,"3":1,"4":1,"5":4},"f":{"0":4,"1":1,"2":1},"b":{},"_coverageSchema":"43e27e138ebf9cfc5966b082cf9a028302ed4184","hash":"658a006e6d43dd7127a7e43389f052f43810639c"}
,"C:\\Users\\Макс\\Desktop\\React\\Lesson15\\task4\\src\\TasksList.jsx": {"path":"C:\\Users\\Макс\\Desktop\\React\\Lesson15\\task4\\src\\TasksList.jsx","statementMap":{"0":{"start":{"line":5,"column":18},"end":{"line":23,"column":1}},"1":{"start":{"line":7,"column":23},"end":{"line":9,"column":40}},"2":{"start":{"line":9,"column":24},"end":{"line":9,"column":39}},"3":{"start":{"line":10,"column":4},"end":{"line":21,"column":6}},"4":{"start":{"line":14,"column":20},"end":{"line":19,"column":17}},"5":{"start":{"line":25,"column":0},"end":{"line":35,"column":2}}},"fnMap":{"0":{"name":"(anonymous_0)","decl":{"start":{"line":5,"column":18},"end":{"line":5,"column":19}},"loc":{"start":{"line":5,"column":75},"end":{"line":23,"column":1}},"line":5},"1":{"name":"(anonymous_1)","decl":{"start":{"line":9,"column":14},"end":{"line":9,"column":15}},"loc":{"start":{"line":9,"column":24},"end":{"line":9,"column":39}},"line":9},"2":{"name":"(anonymous_2)","decl":{"start":{"line":13,"column":36},"end":{"line":13,"column":37}},"loc":{"start":{"line":13,"column":44},"end":{"line":19,"column":18}},"line":13}},"branchMap":{},"s":{"0":3,"1":1,"2":2,"3":1,"4":3,"5":3},"f":{"0":1,"1":2,"2":3},"b":{},"_coverageSchema":"43e27e138ebf9cfc5966b082cf9a028302ed4184","hash":"16fe694cfc37b3b0ea9a5df7c76c484d9d8f806b"}
,"C:\\Users\\Макс\\Desktop\\React\\Lesson15\\task4\\src\\TodoList.jsx": {"path":"C:\\Users\\Макс\\Desktop\\React\\Lesson15\\task4\\src\\TodoList.jsx","statementMap":{"0":{"start":{"line":8,"column":8},"end":{"line":8,"column":21}},"1":{"start":{"line":9,"column":8},"end":{"line":11,"column":10}},"2":{"start":{"line":15,"column":8},"end":{"line":15,"column":26}},"3":{"start":{"line":18,"column":17},"end":{"line":24,"column":5}},"4":{"start":{"line":19,"column":8},"end":{"line":23,"column":10}},"5":{"start":{"line":20,"column":12},"end":{"line":22,"column":14}},"6":{"start":{"line":26,"column":15},"end":{"line":33,"column":5}},"7":{"start":{"line":27,"column":24},"end":{"line":30,"column":9}},"8":{"start":{"line":32,"column":8},"end":{"line":32,"column":58}},"9":{"start":{"line":32,"column":39},"end":{"line":32,"column":56}},"10":{"start":{"line":35,"column":29},"end":{"line":43,"column":5}},"11":{"start":{"line":36,"column":31},"end":{"line":36,"column":76}},"12":{"start":{"line":36,"column":61},"end":{"line":36,"column":75}},"13":{"start":{"line":37,"column":32},"end":{"line":40,"column":13}},"14":{"start":{"line":42,"column":8},"end":{"line":42,"column":68}},"15":{"start":{"line":42,"column":49},"end":{"line":42,"column":66}},"16":{"start":{"line":45,"column":23},"end":{"line":48,"column":5}},"17":{"start":{"line":46,"column":8},"end":{"line":47,"column":41}},"18":{"start":{"line":47,"column":22},"end":{"line":47,"column":39}},"19":{"start":{"line":51,"column":8},"end":{"line":65,"column":10}}},"fnMap":{"0":{"name":"(anonymous_0)","decl":{"start":{"line":7,"column":4},"end":{"line":7,"column":5}},"loc":{"start":{"line":7,"column":22},"end":{"line":12,"column":5}},"line":7},"1":{"name":"(anonymous_1)","decl":{"start":{"line":14,"column":4},"end":{"line":14,"column":5}},"loc":{"start":{"line":14,"column":24},"end":{"line":16,"column":5}},"line":14},"2":{"name":"(anonymous_2)","decl":{"start":{"line":18,"column":17},"end":{"line":18,"column":18}},"loc":{"start":{"line":18,"column":23},"end":{"line":24,"column":5}},"line":18},"3":{"name":"(anonymous_3)","decl":{"start":{"line":19,"column":30},"end":{"line":19,"column":31}},"loc":{"start":{"line":20,"column":12},"end":{"line":22,"column":14}},"line":20},"4":{"name":"(anonymous_4)","decl":{"start":{"line":26,"column":15},"end":{"line":26,"column":16}},"loc":{"start":{"line":26,"column":23},"end":{"line":33,"column":5}},"line":26},"5":{"name":"(anonymous_5)","decl":{"start":{"line":32,"column":33},"end":{"line":32,"column":34}},"loc":{"start":{"line":32,"column":39},"end":{"line":32,"column":56}},"line":32},"6":{"name":"(anonymous_6)","decl":{"start":{"line":35,"column":29},"end":{"line":35,"column":30}},"loc":{"start":{"line":35,"column":35},"end":{"line":43,"column":5}},"line":35},"7":{"name":"(anonymous_7)","decl":{"start":{"line":36,"column":53},"end":{"line":36,"column":54}},"loc":{"start":{"line":36,"column":61},"end":{"line":36,"column":75}},"line":36},"8":{"name":"(anonymous_8)","decl":{"start":{"line":42,"column":43},"end":{"line":42,"column":44}},"loc":{"start":{"line":42,"column":49},"end":{"line":42,"column":66}},"line":42},"9":{"name":"(anonymous_9)","decl":{"start":{"line":45,"column":23},"end":{"line":45,"column":24}},"loc":{"start":{"line":45,"column":29},"end":{"line":48,"column":5}},"line":45},"10":{"name":"(anonymous_10)","decl":{"start":{"line":47,"column":16},"end":{"line":47,"column":17}},"loc":{"start":{"line":47,"column":22},"end":{"line":47,"column":39}},"line":47},"11":{"name":"(anonymous_11)","decl":{"start":{"line":50,"column":4},"end":{"line":50,"column":5}},"loc":{"start":{"line":50,"column":13},"end":{"line":66,"column":5}},"line":50}},"branchMap":{},"s":{"0":2,"1":2,"2":2,"3":2,"4":3,"5":3,"6":2,"7":0,"8":0,"9":0,"10":2,"11":0,"12":0,"13":0,"14":0,"15":0,"16":2,"17":1,"18":1,"19":5},"f":{"0":2,"1":2,"2":3,"3":3,"4":0,"5":0,"6":0,"7":0,"8":0,"9":1,"10":1,"11":5},"b":{},"_coverageSchema":"43e27e138ebf9cfc5966b082cf9a028302ed4184","hash":"fe7171d6c5705535ac19937722b072cebca79130"}
,"C:\\Users\\Макс\\Desktop\\React\\Lesson15\\task4\\src\\tasksGateway.js": {"path":"C:\\Users\\Макс\\Desktop\\React\\Lesson15\\task4\\src\\tasksGateway.js","statementMap":{"0":{"start":{"line":1,"column":16},"end":{"line":1,"column":74}},"1":{"start":{"line":4,"column":26},"end":{"line":16,"column":1}},"2":{"start":{"line":5,"column":2},"end":{"line":15,"column":5}},"3":{"start":{"line":12,"column":6},"end":{"line":14,"column":7}},"4":{"start":{"line":13,"column":10},"end":{"line":13,"column":51}},"5":{"start":{"line":18,"column":30},"end":{"line":31,"column":1}},"6":{"start":{"line":19,"column":2},"end":{"line":30,"column":8}},"7":{"start":{"line":21,"column":10},"end":{"line":23,"column":11}},"8":{"start":{"line":22,"column":14},"end":{"line":22,"column":32}},"9":{"start":{"line":26,"column":10},"end":{"line":29,"column":13}},"10":{"start":{"line":26,"column":47},"end":{"line":29,"column":11}},"11":{"start":{"line":33,"column":26},"end":{"line":45,"column":1}},"12":{"start":{"line":34,"column":2},"end":{"line":44,"column":5}},"13":{"start":{"line":41,"column":6},"end":{"line":43,"column":7}},"14":{"start":{"line":42,"column":10},"end":{"line":42,"column":51}},"15":{"start":{"line":47,"column":26},"end":{"line":55,"column":1}},"16":{"start":{"line":48,"column":2},"end":{"line":54,"column":5}},"17":{"start":{"line":51,"column":6},"end":{"line":53,"column":7}},"18":{"start":{"line":52,"column":10},"end":{"line":52,"column":51}}},"fnMap":{"0":{"name":"(anonymous_0)","decl":{"start":{"line":4,"column":26},"end":{"line":4,"column":27}},"loc":{"start":{"line":4,"column":38},"end":{"line":16,"column":1}},"line":4},"1":{"name":"(anonymous_1)","decl":{"start":{"line":11,"column":10},"end":{"line":11,"column":11}},"loc":{"start":{"line":11,"column":22},"end":{"line":15,"column":3}},"line":11},"2":{"name":"(anonymous_2)","decl":{"start":{"line":18,"column":30},"end":{"line":18,"column":31}},"loc":{"start":{"line":18,"column":36},"end":{"line":31,"column":1}},"line":18},"3":{"name":"(anonymous_3)","decl":{"start":{"line":20,"column":12},"end":{"line":20,"column":13}},"loc":{"start":{"line":20,"column":19},"end":{"line":24,"column":7}},"line":20},"4":{"name":"(anonymous_4)","decl":{"start":{"line":25,"column":12},"end":{"line":25,"column":13}},"loc":{"start":{"line":26,"column":10},"end":{"line":29,"column":13}},"line":26},"5":{"name":"(anonymous_5)","decl":{"start":{"line":26,"column":24},"end":{"line":26,"column":25}},"loc":{"start":{"line":26,"column":47},"end":{"line":29,"column":11}},"line":26},"6":{"name":"(anonymous_6)","decl":{"start":{"line":33,"column":26},"end":{"line":33,"column":27}},"loc":{"start":{"line":33,"column":48},"end":{"line":45,"column":1}},"line":33},"7":{"name":"(anonymous_7)","decl":{"start":{"line":40,"column":10},"end":{"line":40,"column":11}},"loc":{"start":{"line":40,"column":22},"end":{"line":44,"column":3}},"line":40},"8":{"name":"(anonymous_8)","decl":{"start":{"line":47,"column":26},"end":{"line":47,"column":27}},"loc":{"start":{"line":47,"column":36},"end":{"line":55,"column":1}},"line":47},"9":{"name":"(anonymous_9)","decl":{"start":{"line":50,"column":10},"end":{"line":50,"column":11}},"loc":{"start":{"line":50,"column":22},"end":{"line":54,"column":3}},"line":50}},"branchMap":{"0":{"loc":{"start":{"line":12,"column":6},"end":{"line":14,"column":7}},"type":"if","locations":[{"start":{"line":12,"column":6},"end":{"line":14,"column":7}},{"start":{"line":12,"column":6},"end":{"line":14,"column":7}}],"line":12},"1":{"loc":{"start":{"line":21,"column":10},"end":{"line":23,"column":11}},"type":"if","locations":[{"start":{"line":21,"column":10},"end":{"line":23,"column":11}},{"start":{"line":21,"column":10},"end":{"line":23,"column":11}}],"line":21},"2":{"loc":{"start":{"line":41,"column":6},"end":{"line":43,"column":7}},"type":"if","locations":[{"start":{"line":41,"column":6},"end":{"line":43,"column":7}},{"start":{"line":41,"column":6},"end":{"line":43,"column":7}}],"line":41},"3":{"loc":{"start":{"line":51,"column":6},"end":{"line":53,"column":7}},"type":"if","locations":[{"start":{"line":51,"column":6},"end":{"line":53,"column":7}},{"start":{"line":51,"column":6},"end":{"line":53,"column":7}}],"line":51}},"s":{"0":1,"1":1,"2":0,"3":0,"4":0,"5":1,"6":0,"7":0,"8":0,"9":0,"10":0,"11":1,"12":0,"13":0,"14":0,"15":1,"16":0,"17":0,"18":0},"f":{"0":0,"1":0,"2":0,"3":0,"4":0,"5":0,"6":0,"7":0,"8":0,"9":0},"b":{"0":[0,0],"1":[0,0],"2":[0,0],"3":[0,0]},"_coverageSchema":"43e27e138ebf9cfc5966b082cf9a028302ed4184","hash":"c075f2f34cf091fd4fdd04daeb1bd581f53fb72a"}
}
