TN:
SF:C:\Users\Макс\Desktop\React\Lesson15\task4\src\App.jsx
FN:4,(anonymous_0)
FNF:1
FNH:1
FNDA:1,(anonymous_0)
DA:4,1
DA:6,1
LF:2
LH:2
BRF:0
BRH:0
end_of_record
TN:
SF:C:\Users\Макс\Desktop\React\Lesson15\task4\src\CreateTaskInput.jsx
FN:9,(anonymous_0)
FN:15,(anonymous_1)
FN:21,(anonymous_2)
FNF:3
FNH:3
FNDA:2,(anonymous_0)
FNDA:2,(anonymous_1)
FNDA:6,(anonymous_2)
DA:5,2
DA:9,2
DA:10,2
DA:15,2
DA:16,2
DA:17,2
DA:22,6
DA:42,3
LF:8
LH:8
BRF:0
BRH:0
end_of_record
TN:
SF:C:\Users\Макс\Desktop\React\Lesson15\task4\src\Task.jsx
FN:5,(anonymous_0)
FN:14,(anonymous_1)
FN:17,(anonymous_2)
FNF:3
FNH:3
FNDA:4,(anonymous_0)
FNDA:1,(anonymous_1)
FNDA:1,(anonymous_2)
DA:5,4
DA:7,4
DA:8,4
DA:14,1
DA:17,1
DA:22,4
LF:6
LH:6
BRF:0
BRH:0
end_of_record
TN:
SF:C:\Users\Макс\Desktop\React\Lesson15\task4\src\TasksList.jsx
FN:5,(anonymous_0)
FN:9,(anonymous_1)
FN:13,(anonymous_2)
FNF:3
FNH:3
FNDA:1,(anonymous_0)
FNDA:2,(anonymous_1)
FNDA:3,(anonymous_2)
DA:5,3
DA:7,1
DA:9,2
DA:10,1
DA:14,3
DA:25,3
LF:6
LH:6
BRF:0
BRH:0
end_of_record
TN:
SF:C:\Users\Макс\Desktop\React\Lesson15\task4\src\TodoList.jsx
FN:7,(anonymous_0)
FN:14,(anonymous_1)
FN:18,(anonymous_2)
FN:19,(anonymous_3)
FN:26,(anonymous_4)
FN:32,(anonymous_5)
FN:35,(anonymous_6)
FN:36,(anonymous_7)
FN:42,(anonymous_8)
FN:45,(anonymous_9)
FN:47,(anonymous_10)
FN:50,(anonymous_11)
FNF:12
FNH:7
FNDA:2,(anonymous_0)
FNDA:2,(anonymous_1)
FNDA:3,(anonymous_2)
FNDA:3,(anonymous_3)
FNDA:0,(anonymous_4)
FNDA:0,(anonymous_5)
FNDA:0,(anonymous_6)
FNDA:0,(anonymous_7)
FNDA:0,(anonymous_8)
FNDA:1,(anonymous_9)
FNDA:1,(anonymous_10)
FNDA:5,(anonymous_11)
DA:8,2
DA:9,2
DA:15,2
DA:18,2
DA:19,3
DA:20,3
DA:26,2
DA:27,0
DA:32,0
DA:35,2
DA:36,0
DA:37,0
DA:42,0
DA:45,2
DA:46,1
DA:47,1
DA:51,5
LF:17
LH:12
BRF:0
BRH:0
end_of_record
TN:
SF:C:\Users\Макс\Desktop\React\Lesson15\task4\src\tasksGateway.js
FN:4,(anonymous_0)
FN:11,(anonymous_1)
FN:18,(anonymous_2)
FN:20,(anonymous_3)
FN:25,(anonymous_4)
FN:26,(anonymous_5)
FN:33,(anonymous_6)
FN:40,(anonymous_7)
FN:47,(anonymous_8)
FN:50,(anonymous_9)
FNF:10
FNH:0
FNDA:0,(anonymous_0)
FNDA:0,(anonymous_1)
FNDA:0,(anonymous_2)
FNDA:0,(anonymous_3)
FNDA:0,(anonymous_4)
FNDA:0,(anonymous_5)
FNDA:0,(anonymous_6)
FNDA:0,(anonymous_7)
FNDA:0,(anonymous_8)
FNDA:0,(anonymous_9)
DA:1,1
DA:4,1
DA:5,0
DA:12,0
DA:13,0
DA:18,1
DA:19,0
DA:21,0
DA:22,0
DA:26,0
DA:33,1
DA:34,0
DA:41,0
DA:42,0
DA:47,1
DA:48,0
DA:51,0
DA:52,0
LF:18
LH:5
BRDA:12,0,0,0
BRDA:12,0,1,0
BRDA:21,1,0,0
BRDA:21,1,1,0
BRDA:41,2,0,0
BRDA:41,2,1,0
BRDA:51,3,0,0
BRDA:51,3,1,0
BRF:8
BRH:0
end_of_record
